Removed Member From Class: ClassName=Sensor Member=C?
Removed Member From Class: ClassName=POWER Member=R?
Removed Member From Class: ClassName=POWER Member=U?
Change Component Designator: OldDesignator=C? NewDesignator=C4
Change Component Designator: OldDesignator=C? NewDesignator=C5
Change Component Designator: OldDesignator=C? NewDesignator=C6
Change Component Designator: OldDesignator=C? NewDesignator=C7
Change Component Designator: OldDesignator=C? NewDesignator=C8
Change Component Designator: OldDesignator=C? NewDesignator=C9
Change Component Designator: OldDesignator=C? NewDesignator=C10
Change Component Designator: OldDesignator=C? NewDesignator=C11
Change Component Designator: OldDesignator=C? NewDesignator=C12
Change Component Designator: OldDesignator=CN?? NewDesignator=CN1
Change Component Designator: OldDesignator=D? NewDesignator=D1
Change Component Designator: OldDesignator=D?? NewDesignator=D2
Change Component Designator: OldDesignator=F? NewDesignator=F1
Change Component Designator: OldDesignator=H?? NewDesignator=H1
Change Component Designator: OldDesignator=LED? NewDesignator=LED1
Change Component Designator: OldDesignator=LED? NewDesignator=LED2
Change Component Designator: OldDesignator=Q?? NewDesignator=Q3
Change Component Designator: OldDesignator=R? NewDesignator=R3
Change Component Designator: OldDesignator=R? NewDesignator=R12
Change Component Designator: OldDesignator=R? NewDesignator=R13
Change Component Designator: OldDesignator=R? NewDesignator=R14
Change Component Designator: OldDesignator=R? NewDesignator=R15
Change Component Designator: OldDesignator=R? NewDesignator=R16
Change Component Designator: OldDesignator=R? NewDesignator=R17
Change Component Designator: OldDesignator=R? NewDesignator=R18
Change Component Designator: OldDesignator=R? NewDesignator=R19
Change Component Designator: OldDesignator=R? NewDesignator=R20
Change Component Designator: OldDesignator=U? NewDesignator=U3
Change Component Designator: OldDesignator=U? NewDesignator=U6
Change Component Designator: OldDesignator=U? NewDesignator=U10
Change Component Designator: OldDesignator=U?? NewDesignator=U9
Change Component Designator: OldDesignator=U?? NewDesignator=U11
Change Component Designator: OldDesignator=USB? NewDesignator=USB1
Change Net Name : Old Net Name=NetC?_1 New Net Name=NetC10_1
Change Net Name : Old Net Name=NetC?_2 New Net Name=NetC10_2
Change Net Name : Old Net Name=NetF?_2 New Net Name=NetF1_2
Change Net Name : Old Net Name=NetLED?_1 New Net Name=NetLED1_1
Change Net Name : Old Net Name=NetLED?_2 New Net Name=NetLED2_2
Change Net Name : Old Net Name=NetQ??_1 New Net Name=NetQ3_1
Change Net Name : Old Net Name=NetR?_1 New Net Name=NetR14_1
Change Net Name : Old Net Name=NetR?_2 New Net Name=NetR16_2
Change Net Name : Old Net Name=NetU??_7 New Net Name=NetU10_1
Added Pin To Net: NetName=NetC4_1 Pin=C4-1
Added Pin To Net: NetName=NetC4_1 Pin=R12-2
Added Pin To Net: NetName=NetC4_1 Pin=U3-3
Added Net: Name=NetC4_1
Added Pin To Net: NetName=NetC7_1 Pin=C7-1
Added Pin To Net: NetName=NetC7_1 Pin=C8-1
Added Pin To Net: NetName=NetC7_1 Pin=C9-1
Added Pin To Net: NetName=NetC7_1 Pin=U9-1
Added Pin To Net: NetName=NetC7_1 Pin=U9-2
Added Pin To Net: NetName=NetC7_1 Pin=U11-8
Added Net: Name=NetC7_1
Added Pin To Net: NetName=NetC12_2 Pin=C12-2
Added Pin To Net: NetName=NetC12_2 Pin=R18-1
Added Pin To Net: NetName=NetC12_2 Pin=U11-6
Added Net: Name=NetC12_2
Added Pin To Net: NetName=NetLED2_1 Pin=LED2-1
Added Pin To Net: NetName=NetLED2_1 Pin=R20-2
Added Net: Name=NetLED2_1
Added Pin To Net: NetName=NetR3_1 Pin=R3-1
Added Pin To Net: NetName=NetR3_1 Pin=U3-1
Added Net: Name=NetR3_1
Added Pin To Net: NetName=NetR13_1 Pin=R13-1
Added Pin To Net: NetName=NetR13_1 Pin=U2-1
Added Net: Name=NetR13_1
Added Pin To Net: NetName=NetR19_2 Pin=R19-2
Added Pin To Net: NetName=NetR19_2 Pin=U11-3
Added Pin To Net: NetName=NetR19_2 Pin=U11-4
Added Net: Name=NetR19_2
Added Member To Class: ClassName=Sensor Member=Component C4 10nF
Added Member To Class: ClassName=POWER Member=Component C5 22uF
Added Member To Class: ClassName=POWER Member=Component C6 10uF
Added Member To Class: ClassName=POWER Member=Component C8 22uF
Added Member To Class: ClassName=POWER Member=Component C9 22uF
Added Member To Class: ClassName=POWER Member=Component C10 22uF
Added Member To Class: ClassName=POWER Member=Component C11 22uF
Added Member To Class: ClassName=POWER Member=Component C12 22uF
Added Member To Class: ClassName=POWER Member=Component LED2 KT-0603G
Added Member To Class: ClassName=Sensor Member=Component R3 220O
Added Member To Class: ClassName=Sensor Member=Component R13 220O
Added Member To Class: ClassName=POWER Member=Component R14 5.1kO
Added Member To Class: ClassName=POWER Member=Component R15 10kO
Added Member To Class: ClassName=POWER Member=Component R16 5.1kO
Added Member To Class: ClassName=POWER Member=Component R17 5.1kO
Added Member To Class: ClassName=POWER Member=Component R18 500mO
Added Member To Class: ClassName=POWER Member=Component R19 1kO
Added Member To Class: ClassName=POWER Member=Component R20 2kO
Added Member To Class: ClassName=POWER Member=Component U6 WJ500V-5.08-2P-13-00A
Added Member To Class: ClassName=POWER Member=Component U9 PS-5836DVB-6PL
Added Member To Class: ClassName=POWER Member=Component U10 1uH
